/*C19*/SET SCHEMA PUBLIC
CONNECT USER SA
DISCONNECT
/*C20*/SET SCHEMA PUBLIC
CONNECT USER SA
SET AUTOCOMMIT FALSE
SET AUTOCOMMIT TRUE
SET AUTOCOMMIT FALSE
SET AUTOCOMMIT TRUE
SET AUTOCOMMIT FALSE
SET AUTOCOMMIT TRUE
SET AUTOCOMMIT FALSE
SET AUTOCOMMIT TRUE
SET AUTOCOMMIT FALSE
SET AUTOCOMMIT TRUE
SET AUTOCOMMIT FALSE
SET AUTOCOMMIT TRUE
SET AUTOCOMMIT FALSE
SET AUTOCOMMIT TRUE
DISCONNECT
/*C21*/SET SCHEMA PUBLIC
CONNECT USER SA
DISCONNECT
/*C22*/SET SCHEMA PUBLIC
CONNECT USER SA
DISCONNECT
/*C23*/SET SCHEMA PUBLIC
CONNECT USER SA
DISCONNECT
/*C24*/SET SCHEMA PUBLIC
CONNECT USER SA
SET AUTOCOMMIT FALSE
SET AUTOCOMMIT TRUE
SET AUTOCOMMIT FALSE
SET AUTOCOMMIT TRUE
DISCONNECT
/*C25*/SET SCHEMA PUBLIC
CONNECT USER SA
DISCONNECT
/*C26*/SET SCHEMA PUBLIC
CONNECT USER SA
SET AUTOCOMMIT FALSE
SET AUTOCOMMIT TRUE
SET AUTOCOMMIT FALSE
SET AUTOCOMMIT TRUE
SET AUTOCOMMIT FALSE
SET AUTOCOMMIT TRUE
SET AUTOCOMMIT FALSE
SET AUTOCOMMIT TRUE
DISCONNECT
/*C27*/SET SCHEMA PUBLIC
CONNECT USER SA
DISCONNECT
/*C28*/SET SCHEMA PUBLIC
CONNECT USER SA
DISCONNECT
/*C29*/SET SCHEMA PUBLIC
CONNECT USER SA
DISCONNECT
/*C30*/SET SCHEMA PUBLIC
CONNECT USER SA
DISCONNECT
/*C31*/SET SCHEMA PUBLIC
CONNECT USER SA
DISCONNECT
/*C32*/SET SCHEMA PUBLIC
CONNECT USER SA
DISCONNECT
/*C33*/SET SCHEMA PUBLIC
CONNECT USER SA
DISCONNECT
/*C34*/SET SCHEMA PUBLIC
CONNECT USER SA
SET AUTOCOMMIT FALSE
SET AUTOCOMMIT TRUE
SET AUTOCOMMIT FALSE
SET AUTOCOMMIT TRUE
/*C35*/SET SCHEMA PUBLIC
CONNECT USER SA
/*C36*/SET SCHEMA PUBLIC
CONNECT USER SA
/*C37*/SET SCHEMA PUBLIC
CONNECT USER SA
DISCONNECT
/*C38*/SET SCHEMA PUBLIC
CONNECT USER SA
DISCONNECT
/*C34*/DISCONNECT
/*C39*/SET SCHEMA PUBLIC
CONNECT USER SA
DISCONNECT
/*C40*/SET SCHEMA PUBLIC
CONNECT USER SA
DISCONNECT
/*C41*/SET SCHEMA PUBLIC
CONNECT USER SA
DISCONNECT
/*C42*/SET SCHEMA PUBLIC
CONNECT USER SA
SET AUTOCOMMIT FALSE
SET AUTOCOMMIT TRUE
SET AUTOCOMMIT FALSE
SET AUTOCOMMIT TRUE
SET AUTOCOMMIT FALSE
SET AUTOCOMMIT TRUE
SET AUTOCOMMIT FALSE
SET AUTOCOMMIT TRUE
DISCONNECT
/*C43*/SET SCHEMA PUBLIC
CONNECT USER SA
DISCONNECT
/*C44*/SET SCHEMA PUBLIC
CONNECT USER SA
DISCONNECT
/*C45*/SET SCHEMA PUBLIC
CONNECT USER SA
DISCONNECT
/*C46*/SET SCHEMA PUBLIC
CONNECT USER SA
SET AUTOCOMMIT FALSE
SET AUTOCOMMIT TRUE
SET AUTOCOMMIT FALSE
SET AUTOCOMMIT TRUE
SET AUTOCOMMIT FALSE
SET AUTOCOMMIT TRUE
SET AUTOCOMMIT FALSE
SET AUTOCOMMIT TRUE
SET AUTOCOMMIT FALSE
SET AUTOCOMMIT TRUE
SET AUTOCOMMIT FALSE
SET AUTOCOMMIT TRUE
SET AUTOCOMMIT FALSE
SET AUTOCOMMIT TRUE
SET AUTOCOMMIT FALSE
SET AUTOCOMMIT TRUE
SET AUTOCOMMIT FALSE
SET AUTOCOMMIT TRUE
SET AUTOCOMMIT FALSE
SET AUTOCOMMIT TRUE
SET AUTOCOMMIT FALSE
SET AUTOCOMMIT TRUE
DISCONNECT
/*C47*/SET SCHEMA PUBLIC
CONNECT USER SA
DISCONNECT
/*C48*/SET SCHEMA PUBLIC
CONNECT USER SA
DISCONNECT
/*C49*/SET SCHEMA PUBLIC
CONNECT USER SA
DISCONNECT
/*C50*/SET SCHEMA PUBLIC
CONNECT USER SA
DISCONNECT
/*C51*/SET SCHEMA PUBLIC
CONNECT USER SA
DISCONNECT
/*C52*/SET SCHEMA PUBLIC
CONNECT USER SA
DISCONNECT
/*C53*/SET SCHEMA PUBLIC
CONNECT USER SA
DISCONNECT
/*C54*/SET SCHEMA PUBLIC
CONNECT USER SA
DISCONNECT
/*C55*/SET SCHEMA PUBLIC
CONNECT USER SA
DISCONNECT
/*C56*/SET SCHEMA PUBLIC
CONNECT USER SA
SET AUTOCOMMIT FALSE
SET AUTOCOMMIT TRUE
SET AUTOCOMMIT FALSE
SET AUTOCOMMIT TRUE
SET AUTOCOMMIT FALSE
SET AUTOCOMMIT TRUE
SET AUTOCOMMIT FALSE
SET AUTOCOMMIT TRUE
SET AUTOCOMMIT FALSE
SET AUTOCOMMIT TRUE
SET AUTOCOMMIT FALSE
SET AUTOCOMMIT TRUE
SET AUTOCOMMIT FALSE
SET AUTOCOMMIT TRUE
/*C57*/SET SCHEMA PUBLIC
CONNECT USER SA
INSERT INTO SECURED_RESOURCES VALUES('MTD-0000001','Sample Select','egovframework.rte.sample.service.EgovSampleService.selectSampleList','method',1)
INSERT INTO SECURED_RESOURCES_ROLE VALUES('MTD-0000001','ROLE_USER')
DISCONNECT
/*C35*/DISCONNECT
/*C36*/DISCONNECT
/*C58*/SET SCHEMA PUBLIC
CONNECT USER SA
/*C59*/SET SCHEMA PUBLIC
CONNECT USER SA
/*C56*/DISCONNECT
/*C60*/SET SCHEMA PUBLIC
CONNECT USER SA
DISCONNECT
/*C61*/SET SCHEMA PUBLIC
CONNECT USER SA
DISCONNECT
/*C62*/SET SCHEMA PUBLIC
CONNECT USER SA
DISCONNECT
/*C63*/SET SCHEMA PUBLIC
CONNECT USER SA
DISCONNECT
/*C64*/SET SCHEMA PUBLIC
CONNECT USER SA
DISCONNECT
/*C65*/SET SCHEMA PUBLIC
CONNECT USER SA
DISCONNECT
/*C66*/SET SCHEMA PUBLIC
CONNECT USER SA
DISCONNECT
/*C67*/SET SCHEMA PUBLIC
CONNECT USER SA
DISCONNECT
/*C68*/SET SCHEMA PUBLIC
CONNECT USER SA
DISCONNECT
/*C69*/SET SCHEMA PUBLIC
CONNECT USER SA
DISCONNECT
/*C70*/SET SCHEMA PUBLIC
CONNECT USER SA
DISCONNECT
/*C71*/SET SCHEMA PUBLIC
CONNECT USER SA
DISCONNECT
/*C72*/SET SCHEMA PUBLIC
CONNECT USER SA
DISCONNECT
/*C73*/SET SCHEMA PUBLIC
CONNECT USER SA
DISCONNECT
/*C74*/SET SCHEMA PUBLIC
CONNECT USER SA
DISCONNECT
/*C75*/SET SCHEMA PUBLIC
CONNECT USER SA
/*C76*/SET SCHEMA PUBLIC
CONNECT USER SA
SET AUTOCOMMIT FALSE
SET AUTOCOMMIT TRUE
DISCONNECT
/*C77*/SET SCHEMA PUBLIC
CONNECT USER SA
INSERT INTO ROLES VALUES('ROLE_ANONYMOUS','Anonymous user')
SET AUTOCOMMIT FALSE
DELETE FROM SECURED_RESOURCES_ROLE WHERE RESOURCE_ID='MTD-0000001' AND AUTHORITY='ROLE_USER'
INSERT INTO SECURED_RESOURCES_ROLE VALUES('MTD-0000001','ROLE_ANONYMOUS')
SET AUTOCOMMIT TRUE
DISCONNECT
/*C75*/DISCONNECT
/*C78*/SET SCHEMA PUBLIC
CONNECT USER SA
DISCONNECT
/*C79*/SET SCHEMA PUBLIC
CONNECT USER SA
SET AUTOCOMMIT FALSE
SET AUTOCOMMIT TRUE
SET AUTOCOMMIT FALSE
SET AUTOCOMMIT TRUE
DISCONNECT
/*C80*/SET SCHEMA PUBLIC
CONNECT USER SA
DISCONNECT
/*C81*/SET SCHEMA PUBLIC
CONNECT USER SA
DISCONNECT
/*C82*/SET SCHEMA PUBLIC
CONNECT USER SA
DELETE FROM SECURED_RESOURCES_ROLE WHERE RESOURCE_ID='MTD-0000001' AND AUTHORITY='ROLE_ANONYMOUS'
DELETE FROM SECURED_RESOURCES_ROLE WHERE RESOURCE_ID='WEB-0000001' AND AUTHORITY='ROLE_ADMIN'
DELETE FROM SECURED_RESOURCES_ROLE WHERE RESOURCE_ID='WEB-0000002' AND AUTHORITY='ROLE_ADMIN'
DELETE FROM SECURED_RESOURCES_ROLE WHERE RESOURCE_ID='WEB-0000003' AND AUTHORITY='ROLE_ADMIN'
DELETE FROM SECURED_RESOURCES_ROLE WHERE RESOURCE_ID='WEB-0000004' AND AUTHORITY='ROLE_USER'
DELETE FROM SECURED_RESOURCES WHERE RESOURCE_ID='MTD-0000001'
DELETE FROM SECURED_RESOURCES WHERE RESOURCE_ID='WEB-0000001'
DELETE FROM SECURED_RESOURCES WHERE RESOURCE_ID='WEB-0000002'
DELETE FROM SECURED_RESOURCES WHERE RESOURCE_ID='WEB-0000003'
DELETE FROM SECURED_RESOURCES WHERE RESOURCE_ID='WEB-0000004'
INSERT INTO SECURED_RESOURCES VALUES('MTD-0000001','Sample Insert','egovframework.rte.sample.service.EgovSampleService.insertSample','method',1)
INSERT INTO SECURED_RESOURCES_ROLE VALUES('MTD-0000001','ROLE_USER')
DISCONNECT
/*C83*/SET SCHEMA PUBLIC
CONNECT USER SA
INSERT INTO SECURED_RESOURCES VALUES('WEB-0000001','Sample Add','/sample/add*','url',1)
INSERT INTO SECURED_RESOURCES VALUES('WEB-0000002','Sample Update','/sample/update*','url',1)
INSERT INTO SECURED_RESOURCES VALUES('WEB-0000003','Sample Delete','/sample/delete*','url',1)
INSERT INTO SECURED_RESOURCES VALUES('WEB-0000004','Sample Select','/sample/egov*','url',2)
INSERT INTO SECURED_RESOURCES_ROLE VALUES('WEB-0000001','ROLE_ADMIN')
INSERT INTO SECURED_RESOURCES_ROLE VALUES('WEB-0000002','ROLE_ADMIN')
INSERT INTO SECURED_RESOURCES_ROLE VALUES('WEB-0000003','ROLE_ADMIN')
INSERT INTO SECURED_RESOURCES_ROLE VALUES('WEB-0000004','ROLE_USER')
DISCONNECT
/*C84*/SET SCHEMA PUBLIC
CONNECT USER SA
DELETE FROM ROLES WHERE AUTHORITY='ROLE_ANONYMOUS'
DISCONNECT
/*C85*/SET SCHEMA PUBLIC
CONNECT USER SA
DISCONNECT
/*C86*/SET SCHEMA PUBLIC
CONNECT USER SA
DISCONNECT
/*C87*/SET SCHEMA PUBLIC
CONNECT USER SA
INSERT INTO ROLES VALUES('ROLE_SUPER','Superiors Role')
INSERT INTO ROLES_HIERARCHY VALUES('ROLE_ADMIN','ROLE_SUPER')
DISCONNECT
/*C88*/SET SCHEMA PUBLIC
CONNECT USER SA
DELETE FROM SECURED_RESOURCES_ROLE WHERE RESOURCE_ID='MTD-0000001' AND AUTHORITY='ROLE_USER'
DELETE FROM SECURED_RESOURCES WHERE RESOURCE_ID='MTD-0000001'
INSERT INTO SECURED_RESOURCES VALUES('MTD-0000001','Sample Insert','egovframework.rte.sample.service.EgovSampleService.insertSample','method',1)
INSERT INTO SECURED_RESOURCES_ROLE VALUES('MTD-0000001','ROLE_SUPER')
DISCONNECT
/*C89*/SET SCHEMA PUBLIC
CONNECT USER SA
DISCONNECT
/*C90*/SET SCHEMA PUBLIC
CONNECT USER SA
SET AUTOCOMMIT FALSE
SET AUTOCOMMIT TRUE
SET AUTOCOMMIT FALSE
SET AUTOCOMMIT TRUE
SET AUTOCOMMIT FALSE
SET AUTOCOMMIT TRUE
SET AUTOCOMMIT FALSE
SET AUTOCOMMIT TRUE
SET AUTOCOMMIT FALSE
SET AUTOCOMMIT TRUE
DISCONNECT
/*C91*/SET SCHEMA PUBLIC
CONNECT USER SA
DISCONNECT
/*C92*/SET SCHEMA PUBLIC
CONNECT USER SA
DISCONNECT
/*C93*/SET SCHEMA PUBLIC
CONNECT USER SA
DISCONNECT
/*C94*/SET SCHEMA PUBLIC
CONNECT USER SA
